# JRE version: OpenJDK Runtime Environment (8.0_152-b01) (build 1.8.0_152-release-915-b01)
# Java VM: OpenJDK Server VM (25.152-b01 mixed mode windows-x86 )
Heap:
 def new generation   total 34176K, used 13410K [0x11000000, 0x13510000, 0x26550000)
  eden space 30400K,  32% used [0x11000000, 0x1198f1c8, 0x12db0000)
  from space 3776K,  95% used [0x12db0000, 0x13139820, 0x13160000)
  to   space 3776K,   0% used [0x13160000, 0x13160000, 0x13510000)
 tenured generation   total 75656K, used 49530K [0x26550000, 0x2af32000, 0x51000000)
   the space 75656K,  65% used [0x26550000, 0x295ae870, 0x295aea00, 0x2af32000)
 Metaspace       used 41887K, capacity 43131K, committed 43264K, reserved 43392K
GC Heap History (10 events):
Event: 136.781 GC heap before
{Heap before GC invocations=80 (full 3):
 def new generation   total 21888K, used 20989K [0x11000000, 0x127b0000, 0x26550000)
  eden space 19520K, 100% used [0x11000000, 0x12310000, 0x12310000)
  from space 2368K,  62% used [0x12560000, 0x126cf4d0, 0x127b0000)
  to   space 2368K,   0% used [0x12310000, 0x12310000, 0x12560000)
 tenured generation   total 48388K, used 46991K [0x26550000, 0x29491000, 0x51000000)
   the space 48388K,  97% used [0x26550000, 0x29333e40, 0x29334000, 0x29491000)
 Metaspace       used 39510K, capacity 40761K, committed 40832K, reserved 41344K
Event: 136.792 GC heap after
Heap after GC invocations=81 (full 3):
 def new generation   total 21888K, used 418K [0x11000000, 0x127b0000, 0x26550000)
  eden space 19520K,   0% used [0x11000000, 0x11000000, 0x12310000)
  from space 2368K,  17% used [0x12310000, 0x12378b38, 0x12560000)
  to   space 2368K,   0% used [0x12560000, 0x12560000, 0x127b0000)
 tenured generation   total 48388K, used 47840K [0x26550000, 0x29491000, 0x51000000)
   the space 48388K,  98% used [0x26550000, 0x29408018, 0x29408200, 0x29491000)
 Metaspace       used 39510K, capacity 40761K, committed 40832K, reserved 41344K
}
Event: 139.072 GC heap before
{Heap before GC invocations=81 (full 3):
 def new generation   total 21888K, used 19938K [0x11000000, 0x127b0000, 0x26550000)
  eden space 19520K, 100% used [0x11000000, 0x12310000, 0x12310000)
  from space 2368K,  17% used [0x12310000, 0x12378b38, 0x12560000)
  to   space 2368K,   0% used [0x12560000, 0x12560000, 0x127b0000)
 tenured generation   total 48388K, used 47840K [0x26550000, 0x29491000, 0x51000000)
   the space 48388K,  98% used [0x26550000, 0x29408018, 0x29408200, 0x29491000)
 Metaspace       used 39595K, capacity 40867K, committed 40960K, reserved 41344K
Event: 139.083 GC heap after
Heap after GC invocations=82 (full 3):
 def new generation   total 21888K, used 1197K [0x11000000, 0x127b0000, 0x26550000)
  eden space 19520K,   0% used [0x11000000, 0x11000000, 0x12310000)
  from space 2368K,  50% used [0x12560000, 0x1268b740, 0x127b0000)
  to   space 2368K,   0% used [0x12310000, 0x12310000, 0x12560000)
 tenured generation   total 48388K, used 47840K [0x26550000, 0x29491000, 0x51000000)
   the space 48388K,  98% used [0x26550000, 0x29408018, 0x29408200, 0x29491000)
 Metaspace       used 39595K, capacity 40867K, committed 40960K, reserved 41344K
}
Event: 141.744 GC heap before
{Heap before GC invocations=82 (full 3):
 def new generation   total 21888K, used 20717K [0x11000000, 0x127b0000, 0x26550000)
  eden space 19520K, 100% used [0x11000000, 0x12310000, 0x12310000)
  from space 2368K,  50% used [0x12560000, 0x1268b740, 0x127b0000)
  to   space 2368K,   0% used [0x12310000, 0x12310000, 0x12560000)
 tenured generation   total 48388K, used 47840K [0x26550000, 0x29491000, 0x51000000)
   the space 48388K,  98% used [0x26550000, 0x29408018, 0x29408200, 0x29491000)
 Metaspace       used 40179K, capacity 41424K, committed 41472K, reserved 42368K
Event: 142.157 GC heap after
Heap after GC invocations=83 (full 4):
 def new generation   total 34176K, used 0K [0x11000000, 0x13510000, 0x26550000)
  eden space 30400K,   0% used [0x11000000, 0x11000000, 0x12db0000)
  from space 3776K,   0% used [0x12db0000, 0x12db0000, 0x13160000)
  to   space 3776K,   0% used [0x13160000, 0x13160000, 0x13510000)
 tenured generation   total 75656K, used 45392K [0x26550000, 0x2af32000, 0x51000000)
   the space 75656K,  59% used [0x26550000, 0x291a4100, 0x291a4200, 0x2af32000)
 Metaspace       used 40179K, capacity 41424K, committed 41472K, reserved 42368K
}
Event: 145.185 GC heap before
{Heap before GC invocations=83 (full 4):
 def new generation   total 34176K, used 30400K [0x11000000, 0x13510000, 0x26550000)
  eden space 30400K, 100% used [0x11000000, 0x12db0000, 0x12db0000)
  from space 3776K,   0% used [0x12db0000, 0x12db0000, 0x13160000)
  to   space 3776K,   0% used [0x13160000, 0x13160000, 0x13510000)
 tenured generation   total 75656K, used 45392K [0x26550000, 0x2af32000, 0x51000000)
   the space 75656K,  59% used [0x26550000, 0x291a4100, 0x291a4200, 0x2af32000)
 Metaspace       used 40770K, capacity 41993K, committed 42112K, reserved 42368K
Event: 145.220 GC heap after
Heap after GC invocations=84 (full 4):
 def new generation   total 34176K, used 3776K [0x11000000, 0x13510000, 0x26550000)
  eden space 30400K,   0% used [0x11000000, 0x11000000, 0x12db0000)
  from space 3776K, 100% used [0x13160000, 0x13510000, 0x13510000)
  to   space 3776K,   0% used [0x12db0000, 0x12db0000, 0x13160000)
 tenured generation   total 75656K, used 45905K [0x26550000, 0x2af32000, 0x51000000)
   the space 75656K,  60% used [0x26550000, 0x292245e8, 0x29224600, 0x2af32000)
 Metaspace       used 40770K, capacity 41993K, committed 42112K, reserved 42368K
}
Event: 148.189 GC heap before
{Heap before GC invocations=84 (full 4):
 def new generation   total 34176K, used 34176K [0x11000000, 0x13510000, 0x26550000)
  eden space 30400K, 100% used [0x11000000, 0x12db0000, 0x12db0000)
  from space 3776K, 100% used [0x13160000, 0x13510000, 0x13510000)
  to   space 3776K,   0% used [0x12db0000, 0x12db0000, 0x13160000)
 tenured generation   total 75656K, used 45905K [0x26550000, 0x2af32000, 0x51000000)
   the space 75656K,  60% used [0x26550000, 0x292245e8, 0x29224600, 0x2af32000)
 Metaspace       used 41097K, capacity 42323K, committed 42368K, reserved 42368K
Event: 148.232 GC heap after
Heap after GC invocations=85 (full 4):
 def new generation   total 34176K, used 3622K [0x11000000, 0x13510000, 0x26550000)
  eden space 30400K,   0% used [0x11000000, 0x11000000, 0x12db0000)
  from space 3776K,  95% used [0x12db0000, 0x13139820, 0x13160000)
  to   space 3776K,   0% used [0x13160000, 0x13160000, 0x13510000)
 tenured generation   total 75656K, used 49530K [0x26550000, 0x2af32000, 0x51000000)
   the space 75656K,  65% used [0x26550000, 0x295ae870, 0x295aea00, 0x2af32000)
 Metaspace       used 41097K, capacity 42323K, committed 42368K, reserved 42368K
}

