# JRE version: OpenJDK Runtime Environment (8.0_152-b01) (build 1.8.0_152-release-915-b01)
# Java VM: OpenJDK Server VM (25.152-b01 mixed mode windows-x86 )
Heap:
 def new generation   total 32192K, used 31657K [0x11000000, 0x132e0000, 0x26550000)
  eden space 28672K,  98% used [0x11000000, 0x12b7a700, 0x12c00000)
  from space 3520K, 100% used [0x12c00000, 0x12f70000, 0x12f70000)
  to   space 3520K,   0% used [0x12f70000, 0x12f70000, 0x132e0000)
 tenured generation   total 71300K, used 48092K [0x26550000, 0x2aaf1000, 0x51000000)
   the space 71300K,  67% used [0x26550000, 0x29447348, 0x29447400, 0x2aaf1000)
 Metaspace       used 43817K, capacity 45071K, committed 45184K, reserved 45440K
GC Heap History (10 events):
Event: 103.078 GC heap before
{Heap before GC invocations=80 (full 3):
 def new generation   total 20096K, used 19753K [0x11000000, 0x125c0000, 0x26550000)
  eden space 17920K, 100% used [0x11000000, 0x12180000, 0x12180000)
  from space 2176K,  84% used [0x12180000, 0x1234a680, 0x123a0000)
  to   space 2176K,   0% used [0x123a0000, 0x123a0000, 0x125c0000)
 tenured generation   total 44328K, used 44168K [0x26550000, 0x2909a000, 0x51000000)
   the space 44328K,  99% used [0x26550000, 0x29072060, 0x29072200, 0x2909a000)
 Metaspace       used 41206K, capacity 42436K, committed 42496K, reserved 43392K
Event: 103.448 GC heap after
Heap after GC invocations=81 (full 4):
 def new generation   total 32192K, used 0K [0x11000000, 0x132e0000, 0x26550000)
  eden space 28672K,   0% used [0x11000000, 0x11000000, 0x12c00000)
  from space 3520K,   0% used [0x12c00000, 0x12c00000, 0x12f70000)
  to   space 3520K,   0% used [0x12f70000, 0x12f70000, 0x132e0000)
 tenured generation   total 71300K, used 42778K [0x26550000, 0x2aaf1000, 0x51000000)
   the space 71300K,  59% used [0x26550000, 0x28f16998, 0x28f16a00, 0x2aaf1000)
 Metaspace       used 41206K, capacity 42436K, committed 42496K, reserved 43392K
}
Event: 105.247 GC heap before
{Heap before GC invocations=81 (full 4):
 def new generation   total 32192K, used 28672K [0x11000000, 0x132e0000, 0x26550000)
  eden space 28672K, 100% used [0x11000000, 0x12c00000, 0x12c00000)
  from space 3520K,   0% used [0x12c00000, 0x12c00000, 0x12f70000)
  to   space 3520K,   0% used [0x12f70000, 0x12f70000, 0x132e0000)
 tenured generation   total 71300K, used 42778K [0x26550000, 0x2aaf1000, 0x51000000)
   the space 71300K,  59% used [0x26550000, 0x28f16998, 0x28f16a00, 0x2aaf1000)
 Metaspace       used 41340K, capacity 42585K, committed 42624K, reserved 43392K
Event: 105.257 GC heap after
Heap after GC invocations=82 (full 4):
 def new generation   total 32192K, used 989K [0x11000000, 0x132e0000, 0x26550000)
  eden space 28672K,   0% used [0x11000000, 0x11000000, 0x12c00000)
  from space 3520K,  28% used [0x12f70000, 0x13067598, 0x132e0000)
  to   space 3520K,   0% used [0x12c00000, 0x12c00000, 0x12f70000)
 tenured generation   total 71300K, used 42778K [0x26550000, 0x2aaf1000, 0x51000000)
   the space 71300K,  59% used [0x26550000, 0x28f16998, 0x28f16a00, 0x2aaf1000)
 Metaspace       used 41340K, capacity 42585K, committed 42624K, reserved 43392K
}
Event: 106.689 GC heap before
{Heap before GC invocations=82 (full 4):
 def new generation   total 32192K, used 29661K [0x11000000, 0x132e0000, 0x26550000)
  eden space 28672K, 100% used [0x11000000, 0x12c00000, 0x12c00000)
  from space 3520K,  28% used [0x12f70000, 0x13067598, 0x132e0000)
  to   space 3520K,   0% used [0x12c00000, 0x12c00000, 0x12f70000)
 tenured generation   total 71300K, used 42778K [0x26550000, 0x2aaf1000, 0x51000000)
   the space 71300K,  59% used [0x26550000, 0x28f16998, 0x28f16a00, 0x2aaf1000)
 Metaspace       used 41515K, capacity 42775K, committed 42880K, reserved 43392K
Event: 106.710 GC heap after
Heap after GC invocations=83 (full 4):
 def new generation   total 32192K, used 2500K [0x11000000, 0x132e0000, 0x26550000)
  eden space 28672K,   0% used [0x11000000, 0x11000000, 0x12c00000)
  from space 3520K,  71% used [0x12c00000, 0x12e71120, 0x12f70000)
  to   space 3520K,   0% used [0x12f70000, 0x12f70000, 0x132e0000)
 tenured generation   total 71300K, used 42778K [0x26550000, 0x2aaf1000, 0x51000000)
   the space 71300K,  59% used [0x26550000, 0x28f16998, 0x28f16a00, 0x2aaf1000)
 Metaspace       used 41515K, capacity 42775K, committed 42880K, reserved 43392K
}
Event: 136.065 GC heap before
{Heap before GC invocations=83 (full 4):
 def new generation   total 32192K, used 31172K [0x11000000, 0x132e0000, 0x26550000)
  eden space 28672K, 100% used [0x11000000, 0x12c00000, 0x12c00000)
  from space 3520K,  71% used [0x12c00000, 0x12e71120, 0x12f70000)
  to   space 3520K,   0% used [0x12f70000, 0x12f70000, 0x132e0000)
 tenured generation   total 71300K, used 42778K [0x26550000, 0x2aaf1000, 0x51000000)
   the space 71300K,  59% used [0x26550000, 0x28f16998, 0x28f16a00, 0x2aaf1000)
 Metaspace       used 42586K, capacity 43837K, committed 43904K, reserved 44416K
Event: 136.097 GC heap after
Heap after GC invocations=84 (full 4):
 def new generation   total 32192K, used 3181K [0x11000000, 0x132e0000, 0x26550000)
  eden space 28672K,   0% used [0x11000000, 0x11000000, 0x12c00000)
  from space 3520K,  90% used [0x12f70000, 0x1328b7b0, 0x132e0000)
  to   space 3520K,   0% used [0x12c00000, 0x12c00000, 0x12f70000)
 tenured generation   total 71300K, used 45179K [0x26550000, 0x2aaf1000, 0x51000000)
   the space 71300K,  63% used [0x26550000, 0x2916edb8, 0x2916ee00, 0x2aaf1000)
 Metaspace       used 42586K, capacity 43837K, committed 43904K, reserved 44416K
}
Event: 139.760 GC heap before
{Heap before GC invocations=84 (full 4):
 def new generation   total 32192K, used 31853K [0x11000000, 0x132e0000, 0x26550000)
  eden space 28672K, 100% used [0x11000000, 0x12c00000, 0x12c00000)
  from space 3520K,  90% used [0x12f70000, 0x1328b7b0, 0x132e0000)
  to   space 3520K,   0% used [0x12c00000, 0x12c00000, 0x12f70000)
 tenured generation   total 71300K, used 45179K [0x26550000, 0x2aaf1000, 0x51000000)
   the space 71300K,  63% used [0x26550000, 0x2916edb8, 0x2916ee00, 0x2aaf1000)
 Metaspace       used 42681K, capacity 43933K, committed 44032K, reserved 44416K
Event: 139.801 GC heap after
Heap after GC invocations=85 (full 4):
 def new generation   total 32192K, used 3520K [0x11000000, 0x132e0000, 0x26550000)
  eden space 28672K,   0% used [0x11000000, 0x11000000, 0x12c00000)
  from space 3520K, 100% used [0x12c00000, 0x12f70000, 0x12f70000)
  to   space 3520K,   0% used [0x12f70000, 0x12f70000, 0x132e0000)
 tenured generation   total 71300K, used 48092K [0x26550000, 0x2aaf1000, 0x51000000)
   the space 71300K,  67% used [0x26550000, 0x29447348, 0x29447400, 0x2aaf1000)
 Metaspace       used 42681K, capacity 43933K, committed 44032K, reserved 44416K
}

